<?xml version="1.0" encoding="UTF-8"?>
<robot generator="Robot 6.1.1 (Python 3.10.6 on win32)" generated="20231206 22:03:25.623" rpa="false" schemaversion="4">
<suite id="s1" name="EditarClienteTest" source="c:\Users\Alysson\Desktop\TestePrimeControl\Tests\EditarClienteTest.robot">
<test id="s1-t1" name="CT007 - Editar Cliente através do botão na listagem de clientes" line="8">
<kw name="Abrir Navegador" library="global" type="SETUP">
<kw name="Open Browser" library="SeleniumLibrary">
<arg>${BASE_URL}</arg>
<arg>${BROWSER}</arg>
<arg>alias=prime</arg>
<doc>Opens a new browser instance to the optional ``url``.</doc>
<msg timestamp="20231206 22:03:25.862" level="INFO">Opening browser 'Chrome' to base url 'https://challenge.primecontrol.com.br/'.</msg>
<status status="PASS" starttime="20231206 22:03:25.861" endtime="20231206 22:03:29.190"/>
</kw>
<kw name="randomizar email" library="global">
<kw name="Generate Random String" library="String">
<var>${randomizarString}</var>
<arg>8</arg>
<doc>Generates a string with a desired ``length`` from the given ``chars``.</doc>
<msg timestamp="20231206 22:03:29.191" level="INFO">${randomizarString} = okgLdIsI</msg>
<status status="PASS" starttime="20231206 22:03:29.191" endtime="20231206 22:03:29.191"/>
</kw>
<kw name="Set Variable" library="BuiltIn">
<var>${emailRandom}</var>
<arg>${randomizarString}@teste.com</arg>
<doc>Returns the given values which can then be assigned to a variables.</doc>
<msg timestamp="20231206 22:03:29.192" level="INFO">${emailRandom} = okgLdIsI@teste.com</msg>
<status status="PASS" starttime="20231206 22:03:29.191" endtime="20231206 22:03:29.192"/>
</kw>
<kw name="Set Global Variable" library="BuiltIn">
<arg>${emailCriarConta}</arg>
<arg>${emailRandom}</arg>
<doc>Makes a variable available globally in all tests and suites.</doc>
<msg timestamp="20231206 22:03:29.192" level="INFO">${emailCriarConta} = okgLdIsI@teste.com</msg>
<status status="PASS" starttime="20231206 22:03:29.192" endtime="20231206 22:03:29.192"/>
</kw>
<kw name="Log" library="BuiltIn">
<arg>${emailCriarConta}</arg>
<doc>Logs the given message with the given level.</doc>
<msg timestamp="20231206 22:03:29.193" level="INFO">okgLdIsI@teste.com</msg>
<status status="PASS" starttime="20231206 22:03:29.192" endtime="20231206 22:03:29.193"/>
</kw>
<status status="PASS" starttime="20231206 22:03:29.191" endtime="20231206 22:03:29.193"/>
</kw>
<kw name="Maximize Browser Window" library="SeleniumLibrary">
<doc>Maximizes current browser window.</doc>
<status status="PASS" starttime="20231206 22:03:29.193" endtime="20231206 22:03:29.304"/>
</kw>
<status status="PASS" starttime="20231206 22:03:25.861" endtime="20231206 22:03:29.304"/>
</kw>
<kw name="GIVEN logar conta já criada" library="global">
<kw name="Click Element" library="SeleniumLibrary">
<arg>${btnLogin}</arg>
<doc>Click the element identified by ``locator``.</doc>
<msg timestamp="20231206 22:03:29.306" level="INFO">Clicking element 'xpath=//a[@href='/app']'.</msg>
<status status="PASS" starttime="20231206 22:03:29.305" endtime="20231206 22:03:30.117"/>
</kw>
<kw name="Input Text" library="SeleniumLibrary">
<arg>${inputEmail}</arg>
<arg>${emailContaCriada}</arg>
<doc>Types the given ``text`` into the text field identified by ``locator``.</doc>
<msg timestamp="20231206 22:03:30.118" level="INFO">Typing text 'alysoncesar99@gmail.com' into text field 'xpath=//input[@id="floatingInput"]'.</msg>
<status status="PASS" starttime="20231206 22:03:30.118" endtime="20231206 22:03:30.206"/>
</kw>
<kw name="Input Text" library="SeleniumLibrary">
<arg>${inputSenha}</arg>
<arg>${senhaContaCriada}</arg>
<doc>Types the given ``text`` into the text field identified by ``locator``.</doc>
<msg timestamp="20231206 22:03:30.206" level="INFO">Typing text '193746' into text field 'xpath=//input[@id="floatingPassword"]'.</msg>
<status status="PASS" starttime="20231206 22:03:30.206" endtime="20231206 22:03:30.268"/>
</kw>
<kw name="Click Button" library="SeleniumLibrary">
<arg>${btnAcessar}</arg>
<doc>Clicks the button identified by ``locator``.</doc>
<msg timestamp="20231206 22:03:30.269" level="INFO">Clicking button 'xpath=//button[text()="Acessar"]'.</msg>
<status status="PASS" starttime="20231206 22:03:30.269" endtime="20231206 22:03:30.314"/>
</kw>
<status status="PASS" starttime="20231206 22:03:29.305" endtime="20231206 22:03:30.314"/>
</kw>
<kw name="WHEN acessar ação de edição do cliente" library="EditarClienteKey">
<kw name="Sleep" library="BuiltIn">
<arg>5</arg>
<doc>Pauses the test executed for the given time.</doc>
<msg timestamp="20231206 22:03:35.320" level="INFO">Slept 5 seconds</msg>
<status status="PASS" starttime="20231206 22:03:30.315" endtime="20231206 22:03:35.320"/>
</kw>
<kw name="Click Element" library="SeleniumLibrary">
<arg>${btnEditar}</arg>
<doc>Click the element identified by ``locator``.</doc>
<msg timestamp="20231206 22:03:35.321" level="INFO">Clicking element 'xpath=//a[@href="/app/editarcliente/tBvAIupmiNM2wMc81IIW"]'.</msg>
<status status="PASS" starttime="20231206 22:03:35.321" endtime="20231206 22:03:35.359"/>
</kw>
<kw name="Sleep" library="BuiltIn">
<arg>2</arg>
<doc>Pauses the test executed for the given time.</doc>
<msg timestamp="20231206 22:03:37.373" level="INFO">Slept 2 seconds</msg>
<status status="PASS" starttime="20231206 22:03:35.359" endtime="20231206 22:03:37.373"/>
</kw>
<status status="PASS" starttime="20231206 22:03:30.315" endtime="20231206 22:03:37.374"/>
</kw>
<kw name="AND editar dados do cliente" library="EditarClienteKey">
<kw name="editar dados input" library="EditarClienteKey">
<kw name="Input Text" library="SeleniumLibrary">
<arg>${inputEditarNome}</arg>
<arg>Cadastro Teste Finalizado</arg>
<doc>Types the given ``text`` into the text field identified by ``locator``.</doc>
<msg timestamp="20231206 22:03:37.376" level="INFO">Typing text 'Cadastro Teste Finalizado' into text field 'xpath=(//input[@class="form-control"])[2]'.</msg>
<status status="PASS" starttime="20231206 22:03:37.375" endtime="20231206 22:03:37.484"/>
</kw>
<kw name="Input Text" library="SeleniumLibrary">
<arg>${inputEditarEmail}</arg>
<arg>TesteCadastroFinalizado@testado.com</arg>
<doc>Types the given ``text`` into the text field identified by ``locator``.</doc>
<msg timestamp="20231206 22:03:37.486" level="INFO">Typing text 'TesteCadastroFinalizado@testado.com' into text field 'xpath=(//input[@class="form-control"])[3]'.</msg>
<status status="PASS" starttime="20231206 22:03:37.485" endtime="20231206 22:03:37.576"/>
</kw>
<kw name="Input Text" library="SeleniumLibrary">
<arg>${inputEditarTelefone}</arg>
<arg>61998286666</arg>
<doc>Types the given ``text`` into the text field identified by ``locator``.</doc>
<msg timestamp="20231206 22:03:37.576" level="INFO">Typing text '61998286666' into text field 'xpath=(//input[@class="form-control"])[4]'.</msg>
<status status="PASS" starttime="20231206 22:03:37.576" endtime="20231206 22:03:37.644"/>
</kw>
<status status="PASS" starttime="20231206 22:03:37.375" endtime="20231206 22:03:37.644"/>
</kw>
<kw name="Enviar imagem" library="EditarClienteKey">
<kw name="Choose File" library="SeleniumLibrary">
<arg>${inputEditarImg}</arg>
<arg>${imgTeste}</arg>
<doc>Inputs the ``file_path`` into the file input field ``locator``.</doc>
<msg timestamp="20231206 22:03:37.645" level="INFO">Sending C:\Users\Alysson\Desktop\TestePrimeControl\feature\carros.png to browser.</msg>
<status status="PASS" starttime="20231206 22:03:37.645" endtime="20231206 22:03:37.670"/>
</kw>
<status status="PASS" starttime="20231206 22:03:37.645" endtime="20231206 22:03:37.671"/>
</kw>
<kw name="Click Button" library="SeleniumLibrary">
<arg>${btnSalvar}</arg>
<doc>Clicks the button identified by ``locator``.</doc>
<msg timestamp="20231206 22:03:37.672" level="INFO">Clicking button 'xpath=//button[text()="Salvar"]'.</msg>
<status status="PASS" starttime="20231206 22:03:37.671" endtime="20231206 22:03:37.724"/>
</kw>
<status status="PASS" starttime="20231206 22:03:37.374" endtime="20231206 22:03:37.724"/>
</kw>
<kw name="THEN sistema retorna a home com alterações" library="EditarClienteKey">
<kw name="Sleep" library="BuiltIn">
<arg>5</arg>
<doc>Pauses the test executed for the given time.</doc>
<msg timestamp="20231206 22:03:42.733" level="INFO">Slept 5 seconds</msg>
<status status="PASS" starttime="20231206 22:03:37.725" endtime="20231206 22:03:42.733"/>
</kw>
<kw name="Page Should Contain" library="SeleniumLibrary">
<arg>TesteCadastroFinalizado@testado.com</arg>
<doc>Verifies that current page contains ``text``.</doc>
<msg timestamp="20231206 22:03:42.745" level="INFO">Current page contains text 'TesteCadastroFinalizado@testado.com'.</msg>
<status status="PASS" starttime="20231206 22:03:42.733" endtime="20231206 22:03:42.745"/>
</kw>
<status status="PASS" starttime="20231206 22:03:37.725" endtime="20231206 22:03:42.745"/>
</kw>
<kw name="Fechar Navegador" library="global" type="TEARDOWN">
<kw name="Close Browser" library="SeleniumLibrary">
<doc>Closes the current browser.</doc>
<status status="PASS" starttime="20231206 22:03:42.746" endtime="20231206 22:03:45.077"/>
</kw>
<status status="PASS" starttime="20231206 22:03:42.746" endtime="20231206 22:03:45.077"/>
</kw>
<status status="PASS" starttime="20231206 22:03:25.860" endtime="20231206 22:03:45.077"/>
</test>
<status status="PASS" starttime="20231206 22:03:25.627" endtime="20231206 22:03:45.078"/>
</suite>
<statistics>
<total>
<stat pass="1" fail="0" skip="0">All Tests</stat>
</total>
<tag>
</tag>
<suite>
<stat pass="1" fail="0" skip="0" id="s1" name="EditarClienteTest">EditarClienteTest</stat>
</suite>
</statistics>
<errors>
</errors>
</robot>
