<?xml version="1.0" encoding="UTF-8"?>
<robot generator="Robot 6.1.1 (Python 3.10.6 on win32)" generated="20231206 20:15:14.023" rpa="false" schemaversion="4">
<suite id="s1" name="TestePrimeControl" source="C:\Users\Alysson\Desktop\TestePrimeControl">
<suite id="s1-s1" name="Service" source="C:\Users\Alysson\Desktop\TestePrimeControl\Service">
<suite id="s1-s1-s1" name="RecuperarSenhaKey" source="C:\Users\Alysson\Desktop\TestePrimeControl\Service\RecuperarSenhaKey.robot">
<test id="s1-s1-s1-t1" name="123" line="38">
<kw name="criar email temporario">
<kw name="Open Browser" library="SeleniumLibrary">
<arg>${BASE_URL_FAKE_EMAIL}</arg>
<arg>${BROWSER}</arg>
<doc>Opens a new browser instance to the optional ``url``.</doc>
<msg timestamp="20231206 20:15:14.362" level="INFO">Opening browser 'Chrome' to base url 'https://www.invertexto.com/gerador-email-temporario'.</msg>
<status status="PASS" starttime="20231206 20:15:14.361" endtime="20231206 20:15:19.086"/>
</kw>
<kw name="Maximize Browser Window" library="SeleniumLibrary">
<doc>Maximizes current browser window.</doc>
<status status="PASS" starttime="20231206 20:15:19.087" endtime="20231206 20:15:19.206"/>
</kw>
<kw name="Sleep" library="BuiltIn">
<arg>2</arg>
<doc>Pauses the test executed for the given time.</doc>
<msg timestamp="20231206 20:15:21.207" level="INFO">Slept 2 seconds</msg>
<status status="PASS" starttime="20231206 20:15:19.206" endtime="20231206 20:15:21.207"/>
</kw>
<kw name="Get Value" library="SeleniumLibrary">
<var>${valor}</var>
<arg>xpath=//input[@id='email-input']</arg>
<doc>Returns the value attribute of the element identified by ``locator``.</doc>
<msg timestamp="20231206 20:15:21.227" level="INFO">${valor} = imerio5807@uorak.com</msg>
<status status="PASS" starttime="20231206 20:15:21.208" endtime="20231206 20:15:21.227"/>
</kw>
<kw name="Log" library="BuiltIn">
<arg>${valor}</arg>
<doc>Logs the given message with the given level.</doc>
<msg timestamp="20231206 20:15:21.227" level="INFO">imerio5807@uorak.com</msg>
<status status="PASS" starttime="20231206 20:15:21.227" endtime="20231206 20:15:21.228"/>
</kw>
<status status="PASS" starttime="20231206 20:15:14.360" endtime="20231206 20:15:21.228"/>
</kw>
<status status="PASS" starttime="20231206 20:15:14.359" endtime="20231206 20:15:21.228"/>
</test>
<status status="PASS" starttime="20231206 20:15:14.063" endtime="20231206 20:15:21.230"/>
</suite>
<status status="PASS" starttime="20231206 20:15:14.061" endtime="20231206 20:15:21.231"/>
</suite>
<status status="PASS" starttime="20231206 20:15:14.029" endtime="20231206 20:15:21.232"/>
</suite>
<statistics>
<total>
<stat pass="1" fail="0" skip="0">All Tests</stat>
</total>
<tag>
</tag>
<suite>
<stat pass="1" fail="0" skip="0" id="s1" name="TestePrimeControl">TestePrimeControl</stat>
<stat pass="1" fail="0" skip="0" id="s1-s1" name="Service">TestePrimeControl.Service</stat>
<stat pass="1" fail="0" skip="0" id="s1-s1-s1" name="RecuperarSenhaKey">TestePrimeControl.Service.RecuperarSenhaKey</stat>
</suite>
</statistics>
<errors>
</errors>
</robot>
